<?xml version="1.0" encoding="UTF-8"?>
<testng-results ignored="0" total="1" passed="1" failed="0" skipped="0">
  <reporter-output>
  </reporter-output>
  <suite started-at="2023-08-01T13:55:45 IST" name="Default suite" finished-at="2023-08-01T13:55:53 IST" duration-ms="7740">
    <groups>
    </groups>
    <test started-at="2023-08-01T13:55:45 IST" name="Default test" finished-at="2023-08-01T13:55:53 IST" duration-ms="7740">
      <class name="testNGExecution.Test1">
        <test-method signature="testMethod1()[pri:0, instance:testNGExecution.Test1@663c9e7a]" started-at="2023-08-01T13:55:45 IST" name="testMethod1" finished-at="2023-08-01T13:55:53 IST" duration-ms="7672" status="PASS">
          <reporter-output>
          </reporter-output>
        </test-method> <!-- testMethod1 -->
      </class> <!-- testNGExecution.Test1 -->
    </test> <!-- Default test -->
  </suite> <!-- Default suite -->
</testng-results>
