<?xml version="1.0" encoding="UTF-8"?>
<!-- Generated by org.testng.reporters.JUnitXMLReporter -->
<testsuite ignored="0" hostname="LAPTOP-09A9GFBF" failures="0" tests="18" name="Test" time="0.135" errors="0" timestamp="2023-07-22T15:37:48 IST">
  <testcase classname="testNGAnnotationFlags.Flag6" name="It1" time="0.009"/>
  <testcase classname="testNGAnnotationFlags.Flag6" name="It2" time="0.001"/>
  <testcase classname="testNGAnnotationFlags.Flag6" name="It3" time="0.001"/>
  <testcase classname="testNGAnnotationFlags.Flag6" name="It4" time="0.001"/>
  <testcase classname="testNGAnnotationFlags.Flag6" name="It5" time="0.002"/>
  <testcase classname="testNGAnnotationFlags.Flag6" name="It6" time="0.002"/>
  <testcase classname="testNGAnnotationFlags.Flag6" name="St1" time="0.002"/>
  <testcase classname="testNGAnnotationFlags.Flag6" name="St2" time="0.002"/>
  <testcase classname="testNGAnnotationFlags.Flag6" name="St3" time="0.001"/>
  <testcase classname="testNGAnnotationFlags.Flag6" name="St4" time="0.002"/>
  <testcase classname="testNGAnnotationFlags.Flag6" name="St5" time="0.001"/>
  <testcase classname="testNGAnnotationFlags.Flag6" name="St6" time="0.001"/>
  <testcase classname="testNGAnnotationFlags.Flag6" name="ft1" time="0.001"/>
  <testcase classname="testNGAnnotationFlags.Flag6" name="ft2" time="0.001"/>
  <testcase classname="testNGAnnotationFlags.Flag6" name="ft3" time="0.002"/>
  <testcase classname="testNGAnnotationFlags.Flag6" name="ft4" time="0.001"/>
  <testcase classname="testNGAnnotationFlags.Flag6" name="ft5" time="0.002"/>
  <testcase classname="testNGAnnotationFlags.Flag6" name="ft6" time="0.001"/>
</testsuite> <!-- Test -->
